TN:
SF:app.js
FN:16,(anonymous_0)
FN:19,(anonymous_1)
FN:39,(anonymous_2)
FN:45,(anonymous_3)
FN:54,(anonymous_4)
FN:76,(anonymous_5)
FN:82,(anonymous_6)
FNF:7
FNH:3
FNDA:2,(anonymous_0)
FNDA:2,(anonymous_1)
FNDA:0,(anonymous_2)
FNDA:0,(anonymous_3)
FNDA:2,(anonymous_4)
FNDA:0,(anonymous_5)
FNDA:0,(anonymous_6)
DA:1,1
DA:2,1
DA:4,1
DA:5,1
DA:8,1
DA:13,1
DA:14,1
DA:16,1
DA:17,2
DA:19,1
DA:20,2
DA:21,2
DA:27,2
DA:28,2
DA:29,1
DA:31,1
DA:34,1
DA:35,1
DA:39,1
DA:40,0
DA:41,0
DA:42,0
DA:45,1
DA:46,0
DA:47,0
DA:48,0
DA:49,0
DA:54,1
DA:55,2
DA:56,2
DA:64,2
DA:65,2
DA:66,1
DA:68,1
DA:71,1
DA:72,1
DA:76,1
DA:77,0
DA:78,0
DA:79,0
DA:82,1
DA:83,0
DA:84,0
DA:85,0
DA:86,0
DA:93,1
LF:46
LH:32
BRDA:28,0,0,1
BRDA:28,0,1,1
BRDA:65,1,0,1
BRDA:65,1,1,1
BRF:4
BRH:4
end_of_record
TN:
SF:sum.js
FN:1,(anonymous_0)
FNF:1
FNH:1
FNDA:2,(anonymous_0)
DA:1,1
DA:2,2
DA:6,1
LF:3
LH:3
BRF:0
BRH:0
end_of_record
TN:
SF:database\dao\cliente-dao.js
FN:6,gravarDados
FN:20,buscaTodosDados
FN:24,buscaDados
FNF:3
FNH:0
FNDA:0,gravarDados
FNDA:0,buscaTodosDados
FNDA:0,buscaDados
DA:1,1
DA:2,1
DA:7,0
DA:8,0
DA:13,0
DA:15,0
DA:16,0
DA:21,0
DA:25,0
DA:32,1
LF:10
LH:3
BRF:0
BRH:0
end_of_record
TN:
SF:database\dao\produto-dao.js
FN:7,gravarDados
FN:23,buscaTodosDados
FN:27,buscaDados
FNF:3
FNH:0
FNDA:0,gravarDados
FNDA:0,buscaTodosDados
FNDA:0,buscaDados
DA:1,1
DA:2,1
DA:8,0
DA:9,0
DA:16,0
DA:18,0
DA:19,0
DA:24,0
DA:28,0
DA:35,1
LF:10
LH:3
BRF:0
BRH:0
end_of_record
TN:
SF:database\db\dbconfig.js
FN:15,check
FNF:1
FNH:0
FNDA:0,check
DA:1,1
DA:9,1
DA:16,0
DA:17,0
DA:18,0
DA:19,0
DA:21,0
DA:25,1
LF:8
LH:3
BRF:0
BRH:0
end_of_record
TN:
SF:database\models\cliente.js
FNF:0
FNH:0
DA:1,1
DA:2,1
DA:4,1
DA:27,1
LF:4
LH:4
BRF:0
BRH:0
end_of_record
TN:
SF:database\models\produto.js
FNF:0
FNH:0
DA:1,1
DA:2,1
DA:4,1
DA:33,1
LF:4
LH:4
BRF:0
BRH:0
end_of_record
